#
# There is insufficient memory for the Java Runtime Environment to continue.
# Native memory allocation (malloc) failed to allocate 1048576 bytes for AllocateHeap
# Possible reasons:
#   The system is out of physical RAM or swap space
#   The process is running with CompressedOops enabled, and the Java Heap may be blocking the growth of the native heap
# Possible solutions:
#   Reduce memory load on the system
#   Increase physical memory or swap space
#   Check if swap backing store is full
#   Decrease Java heap size (-Xmx/-Xms)
#   Decrease number of Java threads
#   Decrease Java thread stack sizes (-Xss)
#   Set larger code cache with -XX:ReservedCodeCacheSize=
#   JVM is running with Zero Based Compressed Oops mode in which the Java heap is
#     placed in the first 32GB address space. The Java Heap base address is the
#     maximum limit for the native heap growth. Please use -XX:HeapBaseMinAddress
#     to set the Java Heap base and to place the Java Heap above 32GB virtual address.
# This output file may be truncated or incomplete.
#
#  Out of Memory Error (./src/hotspot/share/memory/allocation.cpp:46), pid=13844, tid=11692
#
# JRE version: OpenJDK Runtime Environment JBR-11.0.11.9-1341.60-jcef (11.0.11+9) (build 11.0.11+9-b1341.60)
# Java VM: OpenJDK 64-Bit Server VM JBR-11.0.11.9-1341.60-jcef (11.0.11+9-b1341.60, mixed mode, tiered, compressed oops, g1 gc, windows-amd64)
# No core dump will be written. Minidumps are not enabled by default on client versions of Windows
#

---------------  S U M M A R Y ------------

Command Line: -XX:TieredStopAtLevel=1 -Xverify:none -Dspring.output.ansi.enabled=always -javaagent:D:\IntelliJ IDEA 2021.1.3\lib\idea_rt.jar=53952:D:\IntelliJ IDEA 2021.1.3\bin -Dcom.sun.management.jmxremote -Dspring.jmx.enabled=true -Dspring.liveBeansView.mbeanDomain -Dspring.application.admin.enabled=true -Dfile.encoding=UTF-8 com.kingland.neusoft.course.CourseApplication

Host: Intel(R) Core(TM) i7-9750H CPU @ 2.60GHz, 12 cores, 15G,  Windows 10 , 64 bit Build 19041 (10.0.19041.292)
Time: Mon May 23 13:11:19 2022 中国标准时间 elapsed time: 1.472852 seconds (0d 0h 0m 1s)

---------------  T H R E A D  ---------------

Current thread (0x0000022cf2a06800):  VMThread "VM Thread" [stack: 0x0000005ee4700000,0x0000005ee4800000] [id=11692]

Stack: [0x0000005ee4700000,0x0000005ee4800000]
[error occurred during error reporting (printing stack bounds), id 0xc0000005, EXCEPTION_ACCESS_VIOLATION (0xc0000005) at pc=0x0000022cd67a0f2d]

Native frames: (J=compiled Java code, j=interpreted, Vv=VM code, C=native code)
V  [jvm.dll+0x5f5c8a]
V  [jvm.dll+0x779405]
V  [jvm.dll+0x77aa1d]
V  [jvm.dll+0x77b035]
V  [jvm.dll+0x77afeb]
V  [jvm.dll+0x5f5028]
V  [jvm.dll+0x5f57b8]
C  [ntdll.dll+0xa111f]
C  [ntdll.dll+0x4b474]
C  [ntdll.dll+0x9fc4e]
C  0x0000022cd67a0f2d

VM_Operation (0x0000005ee41fd740): CollectForMetadataAllocation, mode: safepoint, requested by thread 0x0000022cd2b7d800


---------------  P R O C E S S  ---------------

Threads class SMR info:
_java_thread_list=0x0000022cf41b7430, length=12, elements={
0x0000022cd2b7d800, 0x0000022cf2150000, 0x0000022cf2151800, 0x0000022cf2a6d800,
0x0000022cf2a6e800, 0x0000022cf2a71000, 0x0000022cf2a74000, 0x0000022cf2a78000,
0x0000022cf2b73000, 0x0000022cf2f0a800, 0x0000022cf30fd000, 0x0000022cf41af000
}

Java Threads: ( => current thread )
  0x0000022cd2b7d800 JavaThread "main" [_thread_blocked, id=18612, stack(0x0000005ee4100000,0x0000005ee4200000)]
  0x0000022cf2150000 JavaThread "Reference Handler" daemon [_thread_blocked, id=14132, stack(0x0000005ee4800000,0x0000005ee4900000)]
  0x0000022cf2151800 JavaThread "Finalizer" daemon [_thread_blocked, id=14248, stack(0x0000005ee4900000,0x0000005ee4a00000)]
  0x0000022cf2a6d800 JavaThread "Signal Dispatcher" daemon [_thread_blocked, id=1672, stack(0x0000005ee4a00000,0x0000005ee4b00000)]
  0x0000022cf2a6e800 JavaThread "Attach Listener" daemon [_thread_blocked, id=14284, stack(0x0000005ee4b00000,0x0000005ee4c00000)]
  0x0000022cf2a71000 JavaThread "Service Thread" daemon [_thread_blocked, id=12120, stack(0x0000005ee4c00000,0x0000005ee4d00000)]
  0x0000022cf2a74000 JavaThread "C1 CompilerThread0" daemon [_thread_blocked, id=22360, stack(0x0000005ee4d00000,0x0000005ee4e00000)]
  0x0000022cf2a78000 JavaThread "Sweeper thread" daemon [_thread_blocked, id=22444, stack(0x0000005ee4e00000,0x0000005ee4f00000)]
  0x0000022cf2b73000 JavaThread "Common-Cleaner" daemon [_thread_blocked, id=14348, stack(0x0000005ee4f00000,0x0000005ee5000000)]
  0x0000022cf2f0a800 JavaThread "Monitor Ctrl-Break" daemon [_thread_in_native, id=20744, stack(0x0000005ee5000000,0x0000005ee5100000)]
  0x0000022cf30fd000 JavaThread "RMI TCP Accept-0" daemon [_thread_in_native, id=3252, stack(0x0000005ee5100000,0x0000005ee5200000)]
  0x0000022cf41af000 JavaThread "background-preinit" [_thread_blocked, id=11124, stack(0x0000005ee5800000,0x0000005ee5900000)]

Other Threads:
=>0x0000022cf2a06800 VMThread "VM Thread" [stack: 0x0000005ee4700000,0x0000005ee4800000] [id=11692]
  0x0000022cf3104000 WatcherThread [stack: 0x0000005ee5200000,0x0000005ee5300000] [id=19476]
  0x0000022cd2b98000 GCTaskThread "GC Thread#0" [stack: 0x0000005ee4200000,0x0000005ee4300000] [id=5456]
  0x0000022cf4002800 GCTaskThread "GC Thread#1" [stack: 0x0000005ee5300000,0x0000005ee5400000] [id=7800]
  0x0000022cf4003000 GCTaskThread "GC Thread#2" [stack: 0x0000005ee5400000,0x0000005ee5500000] [id=12432]
  0x0000022cf3536000 GCTaskThread "GC Thread#3" [stack: 0x0000005ee5500000,0x0000005ee5600000] [id=18728]
  0x0000022cf352b000 GCTaskThread "GC Thread#4" [stack: 0x0000005ee5600000,0x0000005ee5700000] [id=12516]
  0x0000022cf3537000 GCTaskThread "GC Thread#5" [stack: 0x0000005ee5700000,0x0000005ee5800000] [id=20700]
  0x0000022cd2bf5800 ConcurrentGCThread "G1 Main Marker" [stack: 0x0000005ee4300000,0x0000005ee4400000] [id=22916]
  0x0000022cd2bf8000 ConcurrentGCThread "G1 Conc#0" [stack: 0x0000005ee4400000,0x0000005ee4500000] [id=18772]
  0x0000022cf414b800 ConcurrentGCThread "G1 Conc#1" [stack: 0x0000005ee5900000,0x0000005ee5a00000] [id=2236]
  0x0000022cf41bf800 ConcurrentGCThread "G1 Conc#2" [stack: 0x0000005ee5a00000,0x0000005ee5b00000] [id=9568]
  0x0000022cf2031000 ConcurrentGCThread "G1 Refine#0" [stack: 0x0000005ee4500000,0x0000005ee4600000] [id=2780]
  0x0000022cf2032000 ConcurrentGCThread "G1 Young RemSet Sampling" [stack: 0x0000005ee4600000,0x0000005ee4700000] [id=23496]

Threads with active compile tasks:

VM state:at safepoint (normal execution)

VM Mutex/Monitor currently owned by a thread:  ([mutex/lock_event])
[0x0000022cd2b7cd90] Threads_lock - owner thread: 0x0000022cf2a06800
[0x0000022cd2b7c5b0] Heap_lock - owner thread: 0x0000022cd2b7d800

Heap address: 0x0000000702400000, size: 4060 MB, Compressed Oops mode: Zero based, Oop shift amount: 3
Narrow klass base: 0x0000000800000000, Narrow klass shift: 0
Compressed class space size: 1073741824 Address: 0x0000000800000000

Heap:
 garbage-first heap   total 260096K, used 8254K [0x0000000702400000, 0x0000000800000000)
  region size 1024K, 3 young (3072K), 3 survivors (3072K)
 Metaspace       used 21431K, capacity 22092K, committed 22192K, reserved 1077248K
  class space    used 2486K, capacity 2768K, committed 2816K, reserved 1048576K
Heap Regions: E=young(eden), S=young(survivor), O=old, HS=humongous(starts), HC=humongous(continues), CS=collection set, F=free, A=archive, TAMS=top-at-mark-start (previous, next)
|   0|0x0000000702400000, 0x0000000702500000, 0x0000000702500000|100%| O|  |TAMS 0x0000000702500000, 0x0000000702500000| Untracked 
|   1|0x0000000702500000, 0x0000000702600000, 0x0000000702600000|100%| O|  |TAMS 0x0000000702600000, 0x0000000702600000| Untracked 
|   2|0x0000000702600000, 0x0000000702700000, 0x0000000702700000|100%| O|  |TAMS 0x0000000702700000, 0x0000000702700000| Untracked 
|   3|0x0000000702700000, 0x0000000702800000, 0x0000000702800000|100%| O|  |TAMS 0x0000000702800000, 0x0000000702800000| Untracked 
|   4|0x0000000702800000, 0x0000000702900000, 0x0000000702900000|100%| O|  |TAMS 0x0000000702900000, 0x0000000702900000| Untracked 
|   5|0x0000000702900000, 0x00000007029d2600, 0x0000000702a00000| 82%| O|  |TAMS 0x00000007029d2600, 0x00000007029d2600| Untracked 
|   6|0x0000000702a00000, 0x0000000702a00000, 0x0000000702b00000|  0%| F|  |TAMS 0x0000000702a00000, 0x0000000702a00000| Untracked 
|   7|0x0000000702b00000, 0x0000000702b00000, 0x0000000702c00000|  0%| F|  |TAMS 0x0000000702b00000, 0x0000000702b00000| Untracked 
|   8|0x0000000702c00000, 0x0000000702c00000, 0x0000000702d00000|  0%| F|  |TAMS 0x0000000702c00000, 0x0000000702c00000| Untracked 
|   9|0x0000000702d00000, 0x0000000702d00000, 0x0000000702e00000|  0%| F|  |TAMS 0x0000000702d00000, 0x0000000702d00000| Untracked 
|  10|0x0000000702e00000, 0x0000000702e00000, 0x0000000702f00000|  0%| F|  |TAMS 0x0000000702e00000, 0x0000000702e00000| Untracked 
|  11|0x0000000702f00000, 0x0000000702f00000, 0x0000000703000000|  0%| F|  |TAMS 0x0000000702f00000, 0x0000000702f00000| Untracked 
|  12|0x0000000703000000, 0x0000000703000000, 0x0000000703100000|  0%| F|  |TAMS 0x0000000703000000, 0x0000000703000000| Untracked 
|  13|0x0000000703100000, 0x0000000703100000, 0x0000000703200000|  0%| F|  |TAMS 0x0000000703100000, 0x0000000703100000| Untracked 
|  14|0x0000000703200000, 0x0000000703200000, 0x0000000703300000|  0%| F|  |TAMS 0x0000000703200000, 0x0000000703200000| Untracked 
|  15|0x0000000703300000, 0x0000000703300000, 0x0000000703400000|  0%| F|  |TAMS 0x0000000703300000, 0x0000000703300000| Untracked 
|  16|0x0000000703400000, 0x0000000703400000, 0x0000000703500000|  0%| F|  |TAMS 0x0000000703400000, 0x0000000703400000| Untracked 
|  17|0x0000000703500000, 0x0000000703500000, 0x0000000703600000|  0%| F|  |TAMS 0x0000000703500000, 0x0000000703500000| Untracked 
|  18|0x0000000703600000, 0x0000000703600000, 0x0000000703700000|  0%| F|  |TAMS 0x0000000703600000, 0x0000000703600000| Untracked 
|  19|0x0000000703700000, 0x0000000703700000, 0x0000000703800000|  0%| F|  |TAMS 0x0000000703700000, 0x0000000703700000| Untracked 
|  20|0x0000000703800000, 0x0000000703800000, 0x0000000703900000|  0%| F|  |TAMS 0x0000000703800000, 0x0000000703800000| Untracked 
|  21|0x0000000703900000, 0x0000000703900000, 0x0000000703a00000|  0%| F|  |TAMS 0x0000000703900000, 0x0000000703900000| Untracked 
|  22|0x0000000703a00000, 0x0000000703a00000, 0x0000000703b00000|  0%| F|  |TAMS 0x0000000703a00000, 0x0000000703a00000| Untracked 
|  23|0x0000000703b00000, 0x0000000703b00000, 0x0000000703c00000|  0%| F|  |TAMS 0x0000000703b00000, 0x0000000703b00000| Untracked 
|  24|0x0000000703c00000, 0x0000000703c00000, 0x0000000703d00000|  0%| F|  |TAMS 0x0000000703c00000, 0x0000000703c00000| Untracked 
|  25|0x0000000703d00000, 0x0000000703d00000, 0x0000000703e00000|  0%| F|  |TAMS 0x0000000703d00000, 0x0000000703d00000| Untracked 
|  26|0x0000000703e00000, 0x0000000703e00000, 0x0000000703f00000|  0%| F|  |TAMS 0x0000000703e00000, 0x0000000703e00000| Untracked 
|  27|0x0000000703f00000, 0x0000000703f00000, 0x0000000704000000|  0%| F|  |TAMS 0x0000000703f00000, 0x0000000703f00000| Untracked 
|  28|0x0000000704000000, 0x0000000704000000, 0x0000000704100000|  0%| F|  |TAMS 0x0000000704000000, 0x0000000704000000| Untracked 
|  29|0x0000000704100000, 0x0000000704100000, 0x0000000704200000|  0%| F|  |TAMS 0x0000000704100000, 0x0000000704100000| Untracked 
|  30|0x0000000704200000, 0x0000000704200000, 0x0000000704300000|  0%| F|  |TAMS 0x0000000704200000, 0x0000000704200000| Untracked 
|  31|0x0000000704300000, 0x0000000704300000, 0x0000000704400000|  0%| F|  |TAMS 0x0000000704300000, 0x0000000704300000| Untracked 
|  32|0x0000000704400000, 0x0000000704400000, 0x0000000704500000|  0%| F|  |TAMS 0x0000000704400000, 0x0000000704400000| Untracked 
|  33|0x0000000704500000, 0x0000000704500000, 0x0000000704600000|  0%| F|  |TAMS 0x0000000704500000, 0x0000000704500000| Untracked 
|  34|0x0000000704600000, 0x0000000704600000, 0x0000000704700000|  0%| F|  |TAMS 0x0000000704600000, 0x0000000704600000| Untracked 
|  35|0x0000000704700000, 0x0000000704700000, 0x0000000704800000|  0%| F|  |TAMS 0x0000000704700000, 0x0000000704700000| Untracked 
|  36|0x0000000704800000, 0x0000000704800000, 0x0000000704900000|  0%| F|  |TAMS 0x0000000704800000, 0x0000000704800000| Untracked 
|  37|0x0000000704900000, 0x0000000704900000, 0x0000000704a00000|  0%| F|  |TAMS 0x0000000704900000, 0x0000000704900000| Untracked 
|  38|0x0000000704a00000, 0x0000000704a00000, 0x0000000704b00000|  0%| F|  |TAMS 0x0000000704a00000, 0x0000000704a00000| Untracked 
|  39|0x0000000704b00000, 0x0000000704b00000, 0x0000000704c00000|  0%| F|  |TAMS 0x0000000704b00000, 0x0000000704b00000| Untracked 
|  40|0x0000000704c00000, 0x0000000704c00000, 0x0000000704d00000|  0%| F|  |TAMS 0x0000000704c00000, 0x0000000704c00000| Untracked 
|  41|0x0000000704d00000, 0x0000000704d00000, 0x0000000704e00000|  0%| F|  |TAMS 0x0000000704d00000, 0x0000000704d00000| Untracked 
|  42|0x0000000704e00000, 0x0000000704e00000, 0x0000000704f00000|  0%| F|  |TAMS 0x0000000704e00000, 0x0000000704e00000| Untracked 
|  43|0x0000000704f00000, 0x0000000704f00000, 0x0000000705000000|  0%| F|  |TAMS 0x0000000704f00000, 0x0000000704f00000| Untracked 
|  44|0x0000000705000000, 0x0000000705000000, 0x0000000705100000|  0%| F|  |TAMS 0x0000000705000000, 0x0000000705000000| Untracked 
|  45|0x0000000705100000, 0x0000000705100000, 0x0000000705200000|  0%| F|  |TAMS 0x0000000705100000, 0x0000000705100000| Untracked 
|  46|0x0000000705200000, 0x0000000705200000, 0x0000000705300000|  0%| F|  |TAMS 0x0000000705200000, 0x0000000705200000| Untracked 
|  47|0x0000000705300000, 0x0000000705300000, 0x0000000705400000|  0%| F|  |TAMS 0x0000000705300000, 0x0000000705300000| Untracked 
|  48|0x0000000705400000, 0x0000000705400000, 0x0000000705500000|  0%| F|  |TAMS 0x0000000705400000, 0x0000000705400000| Untracked 
|  49|0x0000000705500000, 0x0000000705500000, 0x0000000705600000|  0%| F|  |TAMS 0x0000000705500000, 0x0000000705500000| Untracked 
|  50|0x0000000705600000, 0x0000000705600000, 0x0000000705700000|  0%| F|  |TAMS 0x0000000705600000, 0x0000000705600000| Untracked 
|  51|0x0000000705700000, 0x0000000705700000, 0x0000000705800000|  0%| F|  |TAMS 0x0000000705700000, 0x0000000705700000| Untracked 
|  52|0x0000000705800000, 0x0000000705800000, 0x0000000705900000|  0%| F|  |TAMS 0x0000000705800000, 0x0000000705800000| Untracked 
|  53|0x0000000705900000, 0x0000000705900000, 0x0000000705a00000|  0%| F|  |TAMS 0x0000000705900000, 0x0000000705900000| Untracked 
|  54|0x0000000705a00000, 0x0000000705a00000, 0x0000000705b00000|  0%| F|  |TAMS 0x0000000705a00000, 0x0000000705a00000| Untracked 
|  55|0x0000000705b00000, 0x0000000705b00000, 0x0000000705c00000|  0%| F|  |TAMS 0x0000000705b00000, 0x0000000705b00000| Untracked 
|  56|0x0000000705c00000, 0x0000000705c00000, 0x0000000705d00000|  0%| F|  |TAMS 0x0000000705c00000, 0x0000000705c00000| Untracked 
|  57|0x0000000705d00000, 0x0000000705d00000, 0x0000000705e00000|  0%| F|  |TAMS 0x0000000705d00000, 0x0000000705d00000| Untracked 
|  58|0x0000000705e00000, 0x0000000705e00000, 0x0000000705f00000|  0%| F|  |TAMS 0x0000000705e00000, 0x0000000705e00000| Untracked 
|  59|0x0000000705f00000, 0x0000000705f00000, 0x0000000706000000|  0%| F|  |TAMS 0x0000000705f00000, 0x0000000705f00000| Untracked 
|  60|0x0000000706000000, 0x0000000706000000, 0x0000000706100000|  0%| F|  |TAMS 0x0000000706000000, 0x0000000706000000| Untracked 
|  61|0x0000000706100000, 0x0000000706100000, 0x0000000706200000|  0%| F|  |TAMS 0x0000000706100000, 0x0000000706100000| Untracked 
|  62|0x0000000706200000, 0x0000000706200000, 0x0000000706300000|  0%| F|  |TAMS 0x0000000706200000, 0x0000000706200000| Untracked 
|  63|0x0000000706300000, 0x0000000706300000, 0x0000000706400000|  0%| F|  |TAMS 0x0000000706300000, 0x0000000706300000| Untracked 
|  64|0x0000000706400000, 0x0000000706400000, 0x0000000706500000|  0%| F|  |TAMS 0x0000000706400000, 0x0000000706400000| Untracked 
|  65|0x0000000706500000, 0x0000000706500000, 0x0000000706600000|  0%| F|  |TAMS 0x0000000706500000, 0x0000000706500000| Untracked 
|  66|0x0000000706600000, 0x0000000706600000, 0x0000000706700000|  0%| F|  |TAMS 0x0000000706600000, 0x0000000706600000| Untracked 
|  67|0x0000000706700000, 0x0000000706700000, 0x0000000706800000|  0%| F|  |TAMS 0x0000000706700000, 0x0000000706700000| Untracked 
|  68|0x0000000706800000, 0x0000000706800000, 0x0000000706900000|  0%| F|  |TAMS 0x0000000706800000, 0x0000000706800000| Untracked 
|  69|0x0000000706900000, 0x0000000706900000, 0x0000000706a00000|  0%| F|  |TAMS 0x0000000706900000, 0x0000000706900000| Untracked 
|  70|0x0000000706a00000, 0x0000000706a00000, 0x0000000706b00000|  0%| F|  |TAMS 0x0000000706a00000, 0x0000000706a00000| Untracked 
|  71|0x0000000706b00000, 0x0000000706b00000, 0x0000000706c00000|  0%| F|  |TAMS 0x0000000706b00000, 0x0000000706b00000| Untracked 
|  72|0x0000000706c00000, 0x0000000706c00000, 0x0000000706d00000|  0%| F|  |TAMS 0x0000000706c00000, 0x0000000706c00000| Untracked 
|  73|0x0000000706d00000, 0x0000000706d00000, 0x0000000706e00000|  0%| F|  |TAMS 0x0000000706d00000, 0x0000000706d00000| Untracked 
|  74|0x0000000706e00000, 0x0000000706e00000, 0x0000000706f00000|  0%| F|  |TAMS 0x0000000706e00000, 0x0000000706e00000| Untracked 
|  75|0x0000000706f00000, 0x0000000706f00000, 0x0000000707000000|  0%| F|  |TAMS 0x0000000706f00000, 0x0000000706f00000| Untracked 
|  76|0x0000000707000000, 0x0000000707000000, 0x0000000707100000|  0%| F|  |TAMS 0x0000000707000000, 0x0000000707000000| Untracked 
|  77|0x0000000707100000, 0x0000000707100000, 0x0000000707200000|  0%| F|  |TAMS 0x0000000707100000, 0x0000000707100000| Untracked 
|  78|0x0000000707200000, 0x0000000707200000, 0x0000000707300000|  0%| F|  |TAMS 0x0000000707200000, 0x0000000707200000| Untracked 
|  79|0x0000000707300000, 0x0000000707300000, 0x0000000707400000|  0%| F|  |TAMS 0x0000000707300000, 0x0000000707300000| Untracked 
|  80|0x0000000707400000, 0x0000000707400000, 0x0000000707500000|  0%| F|  |TAMS 0x0000000707400000, 0x0000000707400000| Untracked 
|  81|0x0000000707500000, 0x0000000707500000, 0x0000000707600000|  0%| F|  |TAMS 0x0000000707500000, 0x0000000707500000| Untracked 
|  82|0x0000000707600000, 0x0000000707600000, 0x0000000707700000|  0%| F|  |TAMS 0x0000000707600000, 0x0000000707600000| Untracked 
|  83|0x0000000707700000, 0x0000000707700000, 0x0000000707800000|  0%| F|  |TAMS 0x0000000707700000, 0x0000000707700000| Untracked 
|  84|0x0000000707800000, 0x0000000707800000, 0x0000000707900000|  0%| F|  |TAMS 0x0000000707800000, 0x0000000707800000| Untracked 
|  85|0x0000000707900000, 0x0000000707900000, 0x0000000707a00000|  0%| F|  |TAMS 0x0000000707900000, 0x0000000707900000| Untracked 
|  86|0x0000000707a00000, 0x0000000707a00000, 0x0000000707b00000|  0%| F|  |TAMS 0x0000000707a00000, 0x0000000707a00000| Untracked 
|  87|0x0000000707b00000, 0x0000000707b00000, 0x0000000707c00000|  0%| F|  |TAMS 0x0000000707b00000, 0x0000000707b00000| Untracked 
|  88|0x0000000707c00000, 0x0000000707c00000, 0x0000000707d00000|  0%| F|  |TAMS 0x0000000707c00000, 0x0000000707c00000| Untracked 
|  89|0x0000000707d00000, 0x0000000707d00000, 0x0000000707e00000|  0%| F|  |TAMS 0x0000000707d00000, 0x0000000707d00000| Untracked 
|  90|0x0000000707e00000, 0x0000000707e00000, 0x0000000707f00000|  0%| F|  |TAMS 0x0000000707e00000, 0x0000000707e00000| Untracked 
|  91|0x0000000707f00000, 0x0000000707f00000, 0x0000000708000000|  0%| F|  |TAMS 0x0000000707f00000, 0x0000000707f00000| Untracked 
|  92|0x0000000708000000, 0x0000000708000000, 0x0000000708100000|  0%| F|  |TAMS 0x0000000708000000, 0x0000000708000000| Untracked 
|  93|0x0000000708100000, 0x0000000708100000, 0x0000000708200000|  0%| F|  |TAMS 0x0000000708100000, 0x0000000708100000| Untracked 
|  94|0x0000000708200000, 0x0000000708200000, 0x0000000708300000|  0%| F|  |TAMS 0x0000000708200000, 0x0000000708200000| Untracked 
|  95|0x0000000708300000, 0x0000000708300000, 0x0000000708400000|  0%| F|  |TAMS 0x0000000708300000, 0x0000000708300000| Untracked 
|  96|0x0000000708400000, 0x0000000708400000, 0x0000000708500000|  0%| F|  |TAMS 0x0000000708400000, 0x0000000708400000| Untracked 
|  97|0x0000000708500000, 0x0000000708500000, 0x0000000708600000|  0%| F|  |TAMS 0x0000000708500000, 0x0000000708500000| Untracked 
|  98|0x0000000708600000, 0x0000000708600000, 0x0000000708700000|  0%| F|  |TAMS 0x0000000708600000, 0x0000000708600000| Untracked 
|  99|0x0000000708700000, 0x0000000708700000, 0x0000000708800000|  0%| F|  |TAMS 0x0000000708700000, 0x0000000708700000| Untracked 
| 100|0x0000000708800000, 0x0000000708800000, 0x0000000708900000|  0%| F|  |TAMS 0x0000000708800000, 0x0000000708800000| Untracked 
| 101|0x0000000708900000, 0x0000000708900000, 0x0000000708a00000|  0%| F|  |TAMS 0x0000000708900000, 0x0000000708900000| Untracked 
| 102|0x0000000708a00000, 0x0000000708a00000, 0x0000000708b00000|  0%| F|  |TAMS 0x0000000708a00000, 0x0000000708a00000| Untracked 
| 103|0x0000000708b00000, 0x0000000708b00000, 0x0000000708c00000|  0%| F|  |TAMS 0x0000000708b00000, 0x0000000708b00000| Untracked 
| 104|0x0000000708c00000, 0x0000000708c00000, 0x0000000708d00000|  0%| F|  |TAMS 0x0000000708c00000, 0x0000000708c00000| Untracked 
| 105|0x0000000708d00000, 0x0000000708d00000, 0x0000000708e00000|  0%| F|  |TAMS 0x0000000708d00000, 0x0000000708d00000| Untracked 
| 106|0x0000000708e00000, 0x0000000708e00000, 0x0000000708f00000|  0%| F|  |TAMS 0x0000000708e00000, 0x0000000708e00000| Untracked 
| 107|0x0000000708f00000, 0x0000000708f00000, 0x0000000709000000|  0%| F|  |TAMS 0x0000000708f00000, 0x0000000708f00000| Untracked 
| 108|0x0000000709000000, 0x0000000709000000, 0x0000000709100000|  0%| F|  |TAMS 0x0000000709000000, 0x0000000709000000| Untracked 
| 109|0x0000000709100000, 0x0000000709100000, 0x0000000709200000|  0%| F|  |TAMS 0x0000000709100000, 0x0000000709100000| Untracked 
| 110|0x0000000709200000, 0x0000000709200000, 0x0000000709300000|  0%| F|  |TAMS 0x0000000709200000, 0x0000000709200000| Untracked 
| 111|0x0000000709300000, 0x0000000709300000, 0x0000000709400000|  0%| F|  |TAMS 0x0000000709300000, 0x0000000709300000| Untracked 
| 112|0x0000000709400000, 0x0000000709400000, 0x0000000709500000|  0%| F|  |TAMS 0x0000000709400000, 0x0000000709400000| Untracked 
| 113|0x0000000709500000, 0x0000000709500000, 0x0000000709600000|  0%| F|  |TAMS 0x0000000709500000, 0x0000000709500000| Untracked 
| 114|0x0000000709600000, 0x0000000709600000, 0x0000000709700000|  0%| F|  |TAMS 0x0000000709600000, 0x0000000709600000| Untracked 
| 115|0x0000000709700000, 0x0000000709700000, 0x0000000709800000|  0%| F|  |TAMS 0x0000000709700000, 0x0000000709700000| Untracked 
| 116|0x0000000709800000, 0x0000000709800000, 0x0000000709900000|  0%| F|  |TAMS 0x0000000709800000, 0x0000000709800000| Untracked 
| 117|0x0000000709900000, 0x0000000709900000, 0x0000000709a00000|  0%| F|  |TAMS 0x0000000709900000, 0x0000000709900000| Untracked 
| 118|0x0000000709a00000, 0x0000000709a00000, 0x0000000709b00000|  0%| F|  |TAMS 0x0000000709a00000, 0x0000000709a00000| Untracked 
| 119|0x0000000709b00000, 0x0000000709b00000, 0x0000000709c00000|  0%| F|  |TAMS 0x0000000709b00000, 0x0000000709b00000| Untracked 
| 120|0x0000000709c00000, 0x0000000709c00000, 0x0000000709d00000|  0%| F|  |TAMS 0x0000000709c00000, 0x0000000709c00000| Untracked 
| 121|0x0000000709d00000, 0x0000000709d00000, 0x0000000709e00000|  0%| F|  |TAMS 0x0000000709d00000, 0x0000000709d00000| Untracked 
| 122|0x0000000709e00000, 0x0000000709e00000, 0x0000000709f00000|  0%| F|  |TAMS 0x0000000709e00000, 0x0000000709e00000| Untracked 
| 123|0x0000000709f00000, 0x0000000709f00000, 0x000000070a000000|  0%| F|  |TAMS 0x0000000709f00000, 0x0000000709f00000| Untracked 
| 124|0x000000070a000000, 0x000000070a000000, 0x000000070a100000|  0%| F|  |TAMS 0x000000070a000000, 0x000000070a000000| Untracked 
| 125|0x000000070a100000, 0x000000070a100000, 0x000000070a200000|  0%| F|  |TAMS 0x000000070a100000, 0x000000070a100000| Untracked 
| 126|0x000000070a200000, 0x000000070a200000, 0x000000070a300000|  0%| F|  |TAMS 0x000000070a200000, 0x000000070a200000| Untracked 
| 127|0x000000070a300000, 0x000000070a300000, 0x000000070a400000|  0%| F|  |TAMS 0x000000070a300000, 0x000000070a300000| Untracked 
| 128|0x000000070a400000, 0x000000070a400000, 0x000000070a500000|  0%| F|  |TAMS 0x000000070a400000, 0x000000070a400000| Untracked 
| 129|0x000000070a500000, 0x000000070a500000, 0x000000070a600000|  0%| F|  |TAMS 0x000000070a500000, 0x000000070a500000| Untracked 
| 130|0x000000070a600000, 0x000000070a600000, 0x000000070a700000|  0%| F|  |TAMS 0x000000070a600000, 0x000000070a600000| Untracked 
| 131|0x000000070a700000, 0x000000070a700000, 0x000000070a800000|  0%| F|  |TAMS 0x000000070a700000, 0x000000070a700000| Untracked 
| 132|0x000000070a800000, 0x000000070a800000, 0x000000070a900000|  0%| F|  |TAMS 0x000000070a800000, 0x000000070a800000| Untracked 
| 133|0x000000070a900000, 0x000000070a900000, 0x000000070aa00000|  0%| F|  |TAMS 0x000000070a900000, 0x000000070a900000| Untracked 
| 134|0x000000070aa00000, 0x000000070aa00000, 0x000000070ab00000|  0%| F|  |TAMS 0x000000070aa00000, 0x000000070aa00000| Untracked 
| 135|0x000000070ab00000, 0x000000070ab00000, 0x000000070ac00000|  0%| F|  |TAMS 0x000000070ab00000, 0x000000070ab00000| Untracked 
| 136|0x000000070ac00000, 0x000000070ac00000, 0x000000070ad00000|  0%| F|  |TAMS 0x000000070ac00000, 0x000000070ac00000| Untracked 
| 137|0x000000070ad00000, 0x000000070ad00000, 0x000000070ae00000|  0%| F|  |TAMS 0x000000070ad00000, 0x000000070ad00000| Untracked 
| 138|0x000000070ae00000, 0x000000070ae00000, 0x000000070af00000|  0%| F|  |TAMS 0x000000070ae00000, 0x000000070ae00000| Untracked 
| 139|0x000000070af00000, 0x000000070af00000, 0x000000070b000000|  0%| F|  |TAMS 0x000000070af00000, 0x000000070af00000| Untracked 
| 140|0x000000070b000000, 0x000000070b000000, 0x000000070b100000|  0%| F|  |TAMS 0x000000070b000000, 0x000000070b000000| Untracked 
| 141|0x000000070b100000, 0x000000070b100000, 0x000000070b200000|  0%| F|  |TAMS 0x000000070b100000, 0x000000070b100000| Untracked 
| 142|0x000000070b200000, 0x000000070b200000, 0x000000070b300000|  0%| F|  |TAMS 0x000000070b200000, 0x000000070b200000| Untracked 
| 143|0x000000070b300000, 0x000000070b300000, 0x000000070b400000|  0%| F|  |TAMS 0x000000070b300000, 0x000000070b300000| Untracked 
| 144|0x000000070b400000, 0x000000070b400000, 0x000000070b500000|  0%| F|  |TAMS 0x000000070b400000, 0x000000070b400000| Untracked 
| 145|0x000000070b500000, 0x000000070b500000, 0x000000070b600000|  0%| F|  |TAMS 0x000000070b500000, 0x000000070b500000| Untracked 
| 146|0x000000070b600000, 0x000000070b600000, 0x000000070b700000|  0%| F|  |TAMS 0x000000070b600000, 0x000000070b600000| Untracked 
| 147|0x000000070b700000, 0x000000070b700000, 0x000000070b800000|  0%| F|  |TAMS 0x000000070b700000, 0x000000070b700000| Untracked 
| 148|0x000000070b800000, 0x000000070b800000, 0x000000070b900000|  0%| F|  |TAMS 0x000000070b800000, 0x000000070b800000| Untracked 
| 149|0x000000070b900000, 0x000000070b900000, 0x000000070ba00000|  0%| F|  |TAMS 0x000000070b900000, 0x000000070b900000| Untracked 
| 150|0x000000070ba00000, 0x000000070ba00000, 0x000000070bb00000|  0%| F|  |TAMS 0x000000070ba00000, 0x000000070ba00000| Untracked 
| 151|0x000000070bb00000, 0x000000070bb00000, 0x000000070bc00000|  0%| F|  |TAMS 0x000000070bb00000, 0x000000070bb00000| Untracked 
| 152|0x000000070bc00000, 0x000000070bc00000, 0x000000070bd00000|  0%| F|  |TAMS 0x000000070bc00000, 0x000000070bc00000| Untracked 
| 153|0x000000070bd00000, 0x000000070bd00000, 0x000000070be00000|  0%| F|  |TAMS 0x000000070bd00000, 0x000000070bd00000| Untracked 
| 154|0x000000070be00000, 0x000000070be00000, 0x000000070bf00000|  0%| F|  |TAMS 0x000000070be00000, 0x000000070be00000| Untracked 
| 155|0x000000070bf00000, 0x000000070bf00000, 0x000000070c000000|  0%| F|  |TAMS 0x000000070bf00000, 0x000000070bf00000| Untracked 
| 156|0x000000070c000000, 0x000000070c000000, 0x000000070c100000|  0%| F|  |TAMS 0x000000070c000000, 0x000000070c000000| Untracked 
| 157|0x000000070c100000, 0x000000070c100000, 0x000000070c200000|  0%| F|  |TAMS 0x000000070c100000, 0x000000070c100000| Untracked 
| 158|0x000000070c200000, 0x000000070c200000, 0x000000070c300000|  0%| F|  |TAMS 0x000000070c200000, 0x000000070c200000| Untracked 
| 159|0x000000070c300000, 0x000000070c300000, 0x000000070c400000|  0%| F|  |TAMS 0x000000070c300000, 0x000000070c300000| Untracked 
| 160|0x000000070c400000, 0x000000070c400000, 0x000000070c500000|  0%| F|  |TAMS 0x000000070c400000, 0x000000070c400000| Untracked 
| 161|0x000000070c500000, 0x000000070c500000, 0x000000070c600000|  0%| F|  |TAMS 0x000000070c500000, 0x000000070c500000| Untracked 
| 162|0x000000070c600000, 0x000000070c600000, 0x000000070c700000|  0%| F|  |TAMS 0x000000070c600000, 0x000000070c600000| Untracked 
| 163|0x000000070c700000, 0x000000070c700000, 0x000000070c800000|  0%| F|  |TAMS 0x000000070c700000, 0x000000070c700000| Untracked 
| 164|0x000000070c800000, 0x000000070c800000, 0x000000070c900000|  0%| F|  |TAMS 0x000000070c800000, 0x000000070c800000| Untracked 
| 165|0x000000070c900000, 0x000000070c900000, 0x000000070ca00000|  0%| F|  |TAMS 0x000000070c900000, 0x000000070c900000| Untracked 
| 166|0x000000070ca00000, 0x000000070ca00000, 0x000000070cb00000|  0%| F|  |TAMS 0x000000070ca00000, 0x000000070ca00000| Untracked 
| 167|0x000000070cb00000, 0x000000070cb00000, 0x000000070cc00000|  0%| F|  |TAMS 0x000000070cb00000, 0x000000070cb00000| Untracked 
| 168|0x000000070cc00000, 0x000000070cc00000, 0x000000070cd00000|  0%| F|  |TAMS 0x000000070cc00000, 0x000000070cc00000| Untracked 
| 169|0x000000070cd00000, 0x000000070cd00000, 0x000000070ce00000|  0%| F|  |TAMS 0x000000070cd00000, 0x000000070cd00000| Untracked 
| 170|0x000000070ce00000, 0x000000070ce00000, 0x000000070cf00000|  0%| F|  |TAMS 0x000000070ce00000, 0x000000070ce00000| Untracked 
| 171|0x000000070cf00000, 0x000000070cf00000, 0x000000070d000000|  0%| F|  |TAMS 0x000000070cf00000, 0x000000070cf00000| Untracked 
| 172|0x000000070d000000, 0x000000070d000000, 0x000000070d100000|  0%| F|  |TAMS 0x000000070d000000, 0x000000070d000000| Untracked 
| 173|0x000000070d100000, 0x000000070d100000, 0x000000070d200000|  0%| F|  |TAMS 0x000000070d100000, 0x000000070d100000| Untracked 
| 174|0x000000070d200000, 0x000000070d200000, 0x000000070d300000|  0%| F|  |TAMS 0x000000070d200000, 0x000000070d200000| Untracked 
| 175|0x000000070d300000, 0x000000070d300000, 0x000000070d400000|  0%| F|  |TAMS 0x000000070d300000, 0x000000070d300000| Untracked 
| 176|0x000000070d400000, 0x000000070d400000, 0x000000070d500000|  0%| F|  |TAMS 0x000000070d400000, 0x000000070d400000| Untracked 
| 177|0x000000070d500000, 0x000000070d500000, 0x000000070d600000|  0%| F|  |TAMS 0x000000070d500000, 0x000000070d500000| Untracked 
| 178|0x000000070d600000, 0x000000070d600000, 0x000000070d700000|  0%| F|  |TAMS 0x000000070d600000, 0x000000070d600000| Untracked 
| 179|0x000000070d700000, 0x000000070d700000, 0x000000070d800000|  0%| F|  |TAMS 0x000000070d700000, 0x000000070d700000| Untracked 
| 180|0x000000070d800000, 0x000000070d800000, 0x000000070d900000|  0%| F|  |TAMS 0x000000070d800000, 0x000000070d800000| Untracked 
| 181|0x000000070d900000, 0x000000070d900000, 0x000000070da00000|  0%| F|  |TAMS 0x000000070d900000, 0x000000070d900000| Untracked 
| 182|0x000000070da00000, 0x000000070da00000, 0x000000070db00000|  0%| F|  |TAMS 0x000000070da00000, 0x000000070da00000| Untracked 
| 183|0x000000070db00000, 0x000000070db00000, 0x000000070dc00000|  0%| F|  |TAMS 0x000000070db00000, 0x000000070db00000| Untracked 
| 184|0x000000070dc00000, 0x000000070dc00000, 0x000000070dd00000|  0%| F|  |TAMS 0x000000070dc00000, 0x000000070dc00000| Untracked 
| 185|0x000000070dd00000, 0x000000070dd00000, 0x000000070de00000|  0%| F|  |TAMS 0x000000070dd00000, 0x000000070dd00000| Untracked 
| 186|0x000000070de00000, 0x000000070de00000, 0x000000070df00000|  0%| F|  |TAMS 0x000000070de00000, 0x000000070de00000| Untracked 
| 187|0x000000070df00000, 0x000000070df00000, 0x000000070e000000|  0%| F|  |TAMS 0x000000070df00000, 0x000000070df00000| Untracked 
| 188|0x000000070e000000, 0x000000070e000000, 0x000000070e100000|  0%| F|  |TAMS 0x000000070e000000, 0x000000070e000000| Untracked 
| 189|0x000000070e100000, 0x000000070e100000, 0x000000070e200000|  0%| F|  |TAMS 0x000000070e100000, 0x000000070e100000| Untracked 
| 190|0x000000070e200000, 0x000000070e200000, 0x000000070e300000|  0%| F|  |TAMS 0x000000070e200000, 0x000000070e200000| Untracked 
| 191|0x000000070e300000, 0x000000070e300000, 0x000000070e400000|  0%| F|  |TAMS 0x000000070e300000, 0x000000070e300000| Untracked 
| 192|0x000000070e400000, 0x000000070e400000, 0x000000070e500000|  0%| F|  |TAMS 0x000000070e400000, 0x000000070e400000| Untracked 
| 193|0x000000070e500000, 0x000000070e500000, 0x000000070e600000|  0%| F|  |TAMS 0x000000070e500000, 0x000000070e500000| Untracked 
| 194|0x000000070e600000, 0x000000070e600000, 0x000000070e700000|  0%| F|  |TAMS 0x000000070e600000, 0x000000070e600000| Untracked 
| 195|0x000000070e700000, 0x000000070e700000, 0x000000070e800000|  0%| F|  |TAMS 0x000000070e700000, 0x000000070e700000| Untracked 
| 196|0x000000070e800000, 0x000000070e800000, 0x000000070e900000|  0%| F|  |TAMS 0x000000070e800000, 0x000000070e800000| Untracked 
| 197|0x000000070e900000, 0x000000070e900000, 0x000000070ea00000|  0%| F|  |TAMS 0x000000070e900000, 0x000000070e900000| Untracked 
| 198|0x000000070ea00000, 0x000000070ea00000, 0x000000070eb00000|  0%| F|  |TAMS 0x000000070ea00000, 0x000000070ea00000| Untracked 
| 199|0x000000070eb00000, 0x000000070eb00000, 0x000000070ec00000|  0%| F|  |TAMS 0x000000070eb00000, 0x000000070eb00000| Untracked 
| 200|0x000000070ec00000, 0x000000070ec00000, 0x000000070ed00000|  0%| F|  |TAMS 0x000000070ec00000, 0x000000070ec00000| Untracked 
| 201|0x000000070ed00000, 0x000000070ed00000, 0x000000070ee00000|  0%| F|  |TAMS 0x000000070ed00000, 0x000000070ed00000| Untracked 
| 202|0x000000070ee00000, 0x000000070ee00000, 0x000000070ef00000|  0%| F|  |TAMS 0x000000070ee00000, 0x000000070ee00000| Untracked 
| 203|0x000000070ef00000, 0x000000070ef00000, 0x000000070f000000|  0%| F|  |TAMS 0x000000070ef00000, 0x000000070ef00000| Untracked 
| 204|0x000000070f000000, 0x000000070f000000, 0x000000070f100000|  0%| F|  |TAMS 0x000000070f000000, 0x000000070f000000| Untracked 
| 205|0x000000070f100000, 0x000000070f100000, 0x000000070f200000|  0%| F|  |TAMS 0x000000070f100000, 0x000000070f100000| Untracked 
| 206|0x000000070f200000, 0x000000070f200000, 0x000000070f300000|  0%| F|  |TAMS 0x000000070f200000, 0x000000070f200000| Untracked 
| 207|0x000000070f300000, 0x000000070f300000, 0x000000070f400000|  0%| F|  |TAMS 0x000000070f300000, 0x000000070f300000| Untracked 
| 208|0x000000070f400000, 0x000000070f400000, 0x000000070f500000|  0%| F|  |TAMS 0x000000070f400000, 0x000000070f400000| Untracked 
| 209|0x000000070f500000, 0x000000070f500000, 0x000000070f600000|  0%| F|  |TAMS 0x000000070f500000, 0x000000070f500000| Untracked 
| 210|0x000000070f600000, 0x000000070f600000, 0x000000070f700000|  0%| F|  |TAMS 0x000000070f600000, 0x000000070f600000| Untracked 
| 211|0x000000070f700000, 0x000000070f700000, 0x000000070f800000|  0%| F|  |TAMS 0x000000070f700000, 0x000000070f700000| Untracked 
| 212|0x000000070f800000, 0x000000070f800000, 0x000000070f900000|  0%| F|  |TAMS 0x000000070f800000, 0x000000070f800000| Untracked 
| 213|0x000000070f900000, 0x000000070f900000, 0x000000070fa00000|  0%| F|  |TAMS 0x000000070f900000, 0x000000070f900000| Untracked 
| 214|0x000000070fa00000, 0x000000070fa00000, 0x000000070fb00000|  0%| F|  |TAMS 0x000000070fa00000, 0x000000070fa00000| Untracked 
| 215|0x000000070fb00000, 0x000000070fb00000, 0x000000070fc00000|  0%| F|  |TAMS 0x000000070fb00000, 0x000000070fb00000| Untracked 
| 216|0x000000070fc00000, 0x000000070fc00000, 0x000000070fd00000|  0%| F|  |TAMS 0x000000070fc00000, 0x000000070fc00000| Untracked 
| 217|0x000000070fd00000, 0x000000070fd00000, 0x000000070fe00000|  0%| F|  |TAMS 0x000000070fd00000, 0x000000070fd00000| Untracked 
| 218|0x000000070fe00000, 0x000000070fe00000, 0x000000070ff00000|  0%| F|  |TAMS 0x000000070fe00000, 0x000000070fe00000| Untracked 
| 219|0x000000070ff00000, 0x000000070ff00000, 0x0000000710000000|  0%| F|  |TAMS 0x000000070ff00000, 0x000000070ff00000| Untracked 
| 220|0x0000000710000000, 0x0000000710000000, 0x0000000710100000|  0%| F|  |TAMS 0x0000000710000000, 0x0000000710000000| Untracked 
| 221|0x0000000710100000, 0x0000000710100000, 0x0000000710200000|  0%| F|  |TAMS 0x0000000710100000, 0x0000000710100000| Untracked 
| 222|0x0000000710200000, 0x0000000710200000, 0x0000000710300000|  0%| F|  |TAMS 0x0000000710200000, 0x0000000710200000| Untracked 
| 223|0x0000000710300000, 0x0000000710300000, 0x0000000710400000|  0%| F|  |TAMS 0x0000000710300000, 0x0000000710300000| Untracked 
| 224|0x0000000710400000, 0x0000000710400000, 0x0000000710500000|  0%| F|  |TAMS 0x0000000710400000, 0x0000000710400000| Untracked 
| 225|0x0000000710500000, 0x0000000710500000, 0x0000000710600000|  0%| F|  |TAMS 0x0000000710500000, 0x0000000710500000| Untracked 
| 226|0x0000000710600000, 0x0000000710600000, 0x0000000710700000|  0%| F|  |TAMS 0x0000000710600000, 0x0000000710600000| Untracked 
| 227|0x0000000710700000, 0x0000000710700000, 0x0000000710800000|  0%| F|  |TAMS 0x0000000710700000, 0x0000000710700000| Untracked 
| 228|0x0000000710800000, 0x0000000710800000, 0x0000000710900000|  0%| F|  |TAMS 0x0000000710800000, 0x0000000710800000| Untracked 
| 229|0x0000000710900000, 0x0000000710900000, 0x0000000710a00000|  0%| F|  |TAMS 0x0000000710900000, 0x0000000710900000| Untracked 
| 230|0x0000000710a00000, 0x0000000710a00000, 0x0000000710b00000|  0%| F|  |TAMS 0x0000000710a00000, 0x0000000710a00000| Untracked 
| 231|0x0000000710b00000, 0x0000000710b00000, 0x0000000710c00000|  0%| F|  |TAMS 0x0000000710b00000, 0x0000000710b00000| Untracked 
| 232|0x0000000710c00000, 0x0000000710c00000, 0x0000000710d00000|  0%| F|  |TAMS 0x0000000710c00000, 0x0000000710c00000| Untracked 
| 233|0x0000000710d00000, 0x0000000710d00000, 0x0000000710e00000|  0%| F|  |TAMS 0x0000000710d00000, 0x0000000710d00000| Untracked 
| 234|0x0000000710e00000, 0x0000000710e00000, 0x0000000710f00000|  0%| F|  |TAMS 0x0000000710e00000, 0x0000000710e00000| Untracked 
| 235|0x0000000710f00000, 0x0000000710f00000, 0x0000000711000000|  0%| F|  |TAMS 0x0000000710f00000, 0x0000000710f00000| Untracked 
| 236|0x0000000711000000, 0x0000000711000000, 0x0000000711100000|  0%| F|  |TAMS 0x0000000711000000, 0x0000000711000000| Untracked 
| 237|0x0000000711100000, 0x0000000711100000, 0x0000000711200000|  0%| F|  |TAMS 0x0000000711100000, 0x0000000711100000| Untracked 
| 238|0x0000000711200000, 0x0000000711200000, 0x0000000711300000|  0%| F|  |TAMS 0x0000000711200000, 0x0000000711200000| Untracked 
| 239|0x0000000711300000, 0x0000000711300000, 0x0000000711400000|  0%| F|  |TAMS 0x0000000711300000, 0x0000000711300000| Untracked 
| 240|0x0000000711400000, 0x0000000711400000, 0x0000000711500000|  0%| F|  |TAMS 0x0000000711400000, 0x0000000711400000| Untracked 
| 241|0x0000000711500000, 0x0000000711500000, 0x0000000711600000|  0%| F|  |TAMS 0x0000000711500000, 0x0000000711500000| Untracked 
| 242|0x0000000711600000, 0x0000000711600000, 0x0000000711700000|  0%| F|  |TAMS 0x0000000711600000, 0x0000000711600000| Untracked 
| 243|0x0000000711700000, 0x000000071173d5e0, 0x0000000711800000| 23%| S|CS|TAMS 0x0000000711700000, 0x0000000711700000| Complete 
| 244|0x0000000711800000, 0x0000000711900000, 0x0000000711900000|100%| S|CS|TAMS 0x0000000711800000, 0x0000000711800000| Complete 
| 245|0x0000000711900000, 0x0000000711a00000, 0x0000000711a00000|100%| S|CS|TAMS 0x0000000711900000, 0x0000000711900000| Complete 
| 246|0x0000000711a00000, 0x0000000711a00000, 0x0000000711b00000|  0%| F|  |TAMS 0x0000000711a00000, 0x0000000711a00000| Untracked 
| 247|0x0000000711b00000, 0x0000000711b00000, 0x0000000711c00000|  0%| F|  |TAMS 0x0000000711b00000, 0x0000000711b00000| Untracked 
| 248|0x0000000711c00000, 0x0000000711c00000, 0x0000000711d00000|  0%| F|  |TAMS 0x0000000711c00000, 0x0000000711c00000| Untracked 
| 249|0x0000000711d00000, 0x0000000711d00000, 0x0000000711e00000|  0%| F|  |TAMS 0x0000000711d00000, 0x0000000711d00000| Untracked 
| 250|0x0000000711e00000, 0x0000000711e00000, 0x0000000711f00000|  0%| F|  |TAMS 0x0000000711e00000, 0x0000000711e00000| Untracked 
| 251|0x0000000711f00000, 0x0000000711f00000, 0x0000000712000000|  0%| F|  |TAMS 0x0000000711f00000, 0x0000000711f00000| Untracked 
| 252|0x0000000712000000, 0x0000000712000000, 0x0000000712100000|  0%| F|  |TAMS 0x0000000712000000, 0x0000000712000000| Untracked 
| 253|0x0000000712100000, 0x0000000712100000, 0x0000000712200000|  0%| F|  |TAMS 0x0000000712100000, 0x0000000712100000| Untracked 

Card table byte_map: [0x0000022ce64e0000,0x0000022ce6cd0000] _byte_map_base: 0x0000022ce2cce000

Marking Bits (Prev, Next): (CMBitMap*) 0x0000022cd2be5150, (CMBitMap*) 0x0000022cd2be5118
 Prev Bits: [0x0000022ceb430000, 0x0000022cef3a0000)
 Next Bits: [0x0000022ce74c0000, 0x0000022ceb430000)

Polling page: 0x0000022cd0ad0000

Metaspace:

Usage:
  Non-class:     18.87 MB capacity,    18.50 MB ( 98%) used,   308.03 KB (  2%) free+waste,    70.94 KB ( <1%) overhead. 
      Class:      2.70 MB capacity,     2.43 MB ( 90%) used,   245.70 KB (  9%) free+waste,    36.06 KB (  1%) overhead. 
       Both:     21.57 MB capacity,    20.93 MB ( 97%) used,   553.73 KB (  3%) free+waste,   107.00 KB ( <1%) overhead. 

Virtual space:
  Non-class space:       28.00 MB reserved,      18.92 MB ( 68%) committed 
      Class space:        1.00 GB reserved,       2.75 MB ( <1%) committed 
             Both:        1.03 GB reserved,      21.67 MB (  2%) committed 

Chunk freelists:
   Non-Class:  52.00 KB
       Class:  16.00 KB
        Both:  68.00 KB

MaxMetaspaceSize: 17179869184.00 GB
CompressedClassSpaceSize: 1.00 GB

CodeHeap 'non-profiled nmethods': size=238336Kb used=2787Kb max_used=2787Kb free=235548Kb
 bounds [0x0000022cd6ee0000, 0x0000022cd71a0000, 0x0000022ce57a0000]
CodeHeap 'non-nmethods': size=7424Kb used=1133Kb max_used=1133Kb free=6290Kb
 bounds [0x0000022cd67a0000, 0x0000022cd6a10000, 0x0000022cd6ee0000]
 total_blobs=2415 nmethods=1964 adapters=377
 compilation: enabled
              stopped_count=0, restarted_count=0
 full_count=0

Compilation events (20 events):
Event: 1.463 Thread 0x0000022cf2a74000 1954       1       org.springframework.core.annotation.AnnotationTypeMapping::getAnnotationType (5 bytes)
Event: 1.463 Thread 0x0000022cf2a74000 nmethod 1954 0x0000022cd7196390 code [0x0000022cd7196540, 0x0000022cd71965f8]
Event: 1.463 Thread 0x0000022cf2a74000 1956       1       java.lang.invoke.DirectMethodHandle$Holder::invokeStatic (15 bytes)
Event: 1.463 Thread 0x0000022cf2a74000 nmethod 1956 0x0000022cd7196690 code [0x0000022cd7196840, 0x0000022cd7196958]
Event: 1.464 Thread 0x0000022cf2a74000 1957       1       org.springframework.core.annotation.AnnotationsScanner::getDeclaredAnnotations (166 bytes)
Event: 1.465 Thread 0x0000022cf2a74000 nmethod 1957 0x0000022cd7196a10 code [0x0000022cd7196c60, 0x0000022cd7197218]
Event: 1.465 Thread 0x0000022cf2a74000 1962       1       org.springframework.core.annotation.PackagesAnnotationFilter::matches (42 bytes)
Event: 1.465 Thread 0x0000022cf2a74000 nmethod 1962 0x0000022cd7197510 code [0x0000022cd71976c0, 0x0000022cd7197828]
Event: 1.465 Thread 0x0000022cf2a74000 1958       1       org.springframework.core.annotation.AnnotationTypeMapping$MirrorSets::access$400 (5 bytes)
Event: 1.465 Thread 0x0000022cf2a74000 nmethod 1958 0x0000022cd7197990 code [0x0000022cd7197b40, 0x0000022cd7197bd8]
Event: 1.465 Thread 0x0000022cf2a74000 1963       1       org.springframework.core.annotation.AnnotationFilter::matches (11 bytes)
Event: 1.465 Thread 0x0000022cf2a74000 nmethod 1963 0x0000022cd7197c90 code [0x0000022cd7197e60, 0x0000022cd7197f78]
Event: 1.465 Thread 0x0000022cf2a74000 1959       1       java.lang.reflect.Constructor::getRoot (5 bytes)
Event: 1.465 Thread 0x0000022cf2a74000 nmethod 1959 0x0000022cd7198090 code [0x0000022cd7198240, 0x0000022cd71982f8]
Event: 1.465 Thread 0x0000022cf2a74000 1964       1       java.util.Collections::singletonList (9 bytes)
Event: 1.465 Thread 0x0000022cf2a74000 nmethod 1964 0x0000022cd7198390 code [0x0000022cd7198540, 0x0000022cd7198698]
Event: 1.465 Thread 0x0000022cf2a74000 1960       1       org.springframework.core.annotation.AnnotationTypeMapping::getDistance (5 bytes)
Event: 1.465 Thread 0x0000022cf2a74000 nmethod 1960 0x0000022cd7198710 code [0x0000022cd71988c0, 0x0000022cd7198978]
Event: 1.465 Thread 0x0000022cf2a74000 1961       1       java.util.stream.Collectors$CollectorImpl::characteristics (5 bytes)
Event: 1.465 Thread 0x0000022cf2a74000 nmethod 1961 0x0000022cd7198a10 code [0x0000022cd7198bc0, 0x0000022cd7198c78]

GC Heap History (8 events):
Event: 1.111 GC heap before
{Heap before GC invocations=0 (full 0):
 garbage-first heap   total 260096K, used 23552K [0x0000000702400000, 0x0000000800000000)
  region size 1024K, 24 young (24576K), 0 survivors (0K)
 Metaspace       used 13952K, capacity 14323K, committed 14464K, reserved 1062912K
  class space    used 1465K, capacity 1584K, committed 1664K, reserved 1048576K
}
Event: 1.115 GC heap after
{Heap after GC invocations=1 (full 0):
 garbage-first heap   total 260096K, used 5807K [0x0000000702400000, 0x0000000800000000)
  region size 1024K, 3 young (3072K), 3 survivors (3072K)
 Metaspace       used 13952K, capacity 14323K, committed 14464K, reserved 1062912K
  class space    used 1465K, capacity 1584K, committed 1664K, reserved 1048576K
}
Event: 1.313 GC heap before
{Heap before GC invocations=1 (full 0):
 garbage-first heap   total 260096K, used 28335K [0x0000000702400000, 0x0000000800000000)
  region size 1024K, 25 young (25600K), 3 survivors (3072K)
 Metaspace       used 17875K, capacity 18383K, committed 18688K, reserved 1064960K
  class space    used 1999K, capacity 2186K, committed 2304K, reserved 1048576K
}
Event: 1.317 GC heap after
{Heap after GC invocations=2 (full 0):
 garbage-first heap   total 260096K, used 7508K [0x0000000702400000, 0x0000000800000000)
  region size 1024K, 2 young (2048K), 2 survivors (2048K)
 Metaspace       used 17875K, capacity 18383K, committed 18688K, reserved 1064960K
  class space    used 1999K, capacity 2186K, committed 2304K, reserved 1048576K
}
Event: 1.434 GC heap before
{Heap before GC invocations=2 (full 0):
 garbage-first heap   total 260096K, used 26964K [0x0000000702400000, 0x0000000800000000)
  region size 1024K, 22 young (22528K), 2 survivors (2048K)
 Metaspace       used 20537K, capacity 21181K, committed 21296K, reserved 1069056K
  class space    used 2373K, capacity 2657K, committed 2688K, reserved 1048576K
}
Event: 1.436 GC heap after
{Heap after GC invocations=3 (full 0):
 garbage-first heap   total 260096K, used 8057K [0x0000000702400000, 0x0000000800000000)
  region size 1024K, 3 young (3072K), 3 survivors (3072K)
 Metaspace       used 20537K, capacity 21181K, committed 21296K, reserved 1069056K
  class space    used 2373K, capacity 2657K, committed 2688K, reserved 1048576K
}
Event: 1.466 GC heap before
{Heap before GC invocations=4 (full 0):
 garbage-first heap   total 260096K, used 15225K [0x0000000702400000, 0x0000000800000000)
  region size 1024K, 11 young (11264K), 3 survivors (3072K)
 Metaspace       used 21431K, capacity 22092K, committed 22192K, reserved 1075200K
  class space    used 2486K, capacity 2768K, committed 2816K, reserved 1048576K
}
Event: 1.468 GC heap after
{Heap after GC invocations=5 (full 0):
 garbage-first heap   total 260096K, used 8254K [0x0000000702400000, 0x0000000800000000)
  region size 1024K, 3 young (3072K), 3 survivors (3072K)
 Metaspace       used 21431K, capacity 22092K, committed 22192K, reserved 1075200K
  class space    used 2486K, capacity 2768K, committed 2816K, reserved 1048576K
}

Deoptimization events (0 events):
No events

Classes redefined (0 events):
No events

Internal exceptions (20 events):
Event: 1.261 Thread 0x0000022cd2b7d800 Exception <a 'java/lang/NoSuchMethodError'{0x00000007112f2bf0}: 'java.lang.Object java.lang.invoke.Invokers$Holder.linkToTargetMethod(java.lang.Object, java.lang.Object, java.lang.Object, java.lang.Object, java.lang.Object, int, java.lang.Object)'> (0x00000007112f2bf0) thrown at [./src/hotspot/share/interpreter/linkResolver.cpp, line 773]
Event: 1.285 Thread 0x0000022cd2b7d800 Exception <a 'java/lang/NoSuchMethodError'{0x0000000710fb7b60}: 'int java.lang.invoke.DirectMethodHandle$Holder.invokeVirtual(java.lang.Object, java.lang.Object)'> (0x0000000710fb7b60) thrown at [./src/hotspot/share/interpreter/linkResolver.cpp, line 773]
Event: 1.292 Thread 0x0000022cd2b7d800 Exception <a 'java/lang/NoSuchMethodError'{0x0000000710e92f58}: 'java.lang.Object java.lang.invoke.DirectMethodHandle$Holder.invokeStatic(java.lang.Object, java.lang.Object, java.lang.Object, int, java.lang.Object)'> (0x0000000710e92f58) thrown at [./src/hotspot/share/interpreter/linkResolver.cpp, line 773]
Event: 1.292 Thread 0x0000022cd2b7d800 Exception <a 'java/lang/NoSuchMethodError'{0x0000000710e99960}: 'java.lang.Object java.lang.invoke.Invokers$Holder.linkToTargetMethod(java.lang.Object, java.lang.Object, int, java.lang.Object, java.lang.Object)'> (0x0000000710e99960) thrown at [./src/hotspot/share/interpreter/linkResolver.cpp, line 773]
Event: 1.292 Thread 0x0000022cd2b7d800 Exception <a 'java/lang/NoSuchMethodError'{0x0000000710ea81d0}: 'int java.lang.invoke.DirectMethodHandle$Holder.invokeStatic(java.lang.Object, int, java.lang.Object, java.lang.Object)'> (0x0000000710ea81d0) thrown at [./src/hotspot/share/interpreter/linkResolver.cpp, line 773]
Event: 1.292 Thread 0x0000022cd2b7d800 Exception <a 'java/lang/NoSuchMethodError'{0x0000000710eaf2e0}: 'java.lang.Object java.lang.invoke.DirectMethodHandle$Holder.invokeStatic(java.lang.Object, int, java.lang.Object)'> (0x0000000710eaf2e0) thrown at [./src/hotspot/share/interpreter/linkResolver.cpp, line 773]
Event: 1.293 Thread 0x0000022cd2b7d800 Exception <a 'java/lang/NoSuchMethodError'{0x0000000710eb3318}: 'int java.lang.invoke.DirectMethodHandle$Holder.invokeSpecialIFC(java.lang.Object, java.lang.Object, java.lang.Object, java.lang.Object)'> (0x0000000710eb3318) thrown at [./src/hotspot/share/interpreter/linkResolver.cpp, line 773]
Event: 1.313 Thread 0x0000022cd2b7d800 Exception <a 'java/lang/NoSuchMethodError'{0x0000000710cdb9e8}: 'int java.lang.invoke.DirectMethodHandle$Holder.invokeSpecialIFC(java.lang.Object, java.lang.Object, int)'> (0x0000000710cdb9e8) thrown at [./src/hotspot/share/interpreter/linkResolver.cpp, line 773]
Event: 1.333 Thread 0x0000022cd2b7d800 Exception <a 'java/lang/NoSuchMethodError'{0x00000007120c4bc0}: 'java.lang.Object java.lang.invoke.DirectMethodHandle$Holder.invokeVirtual(java.lang.Object, java.lang.Object, java.lang.Object)'> (0x00000007120c4bc0) thrown at [./src/hotspot/share/interpreter/linkResolver.cpp, line 773]
Event: 1.338 Thread 0x0000022cd2b7d800 Exception <a 'java/lang/NoSuchMethodError'{0x00000007120f2968}: 'void java.lang.invoke.DirectMethodHandle$Holder.invokeStatic(java.lang.Object, java.lang.Object, int)'> (0x00000007120f2968) thrown at [./src/hotspot/share/interpreter/linkResolver.cpp, line 773]
Event: 1.339 Thread 0x0000022cd2b7d800 Exception <a 'java/lang/NoSuchMethodError'{0x00000007120f9f28}: 'void java.lang.invoke.DirectMethodHandle$Holder.invokeStaticInit(java.lang.Object, java.lang.Object)'> (0x00000007120f9f28) thrown at [./src/hotspot/share/interpreter/linkResolver.cpp, line 773]
Event: 1.341 Thread 0x0000022cd2b7d800 Exception <a 'java/lang/NoSuchMethodError'{0x0000000711f28f38}: 'void java.lang.invoke.DirectMethodHandle$Holder.invokeStaticInit(java.lang.Object, java.lang.Object, java.lang.Object)'> (0x0000000711f28f38) thrown at [./src/hotspot/share/interpreter/linkResolver.cpp, line 773]
Event: 1.350 Thread 0x0000022cd2b7d800 Exception <a 'java/lang/NoSuchMethodError'{0x0000000711ea3300}: 'void java.lang.invoke.DirectMethodHandle$Holder.invokeVirtual(java.lang.Object, java.lang.Object, java.lang.Object, java.lang.Object)'> (0x0000000711ea3300) thrown at [./src/hotspot/share/interpreter/linkResolver.cpp, line 773]
Event: 1.375 Thread 0x0000022cd2b7d800 Exception <a 'java/lang/NoSuchMethodError'{0x0000000711a38138}: 'void java.lang.invoke.DirectMethodHandle$Holder.invokeSpecial(java.lang.Object, java.lang.Object, java.lang.Object, java.lang.Object, java.lang.Object)'> (0x0000000711a38138) thrown at [./src/hotspot/share/interpreter/linkResolver.cpp, line 773]
Event: 1.379 Thread 0x0000022cf41af000 Exception <a 'java/lang/NoClassDefFoundError'{0x0000000711aab370}: javax/validation/Validation> (0x0000000711aab370) thrown at [./src/hotspot/share/classfile/systemDictionary.cpp, line 220]
Event: 1.399 Thread 0x0000022cf41af000 Exception <a 'java/lang/NoSuchMethodError'{0x00000007116edce0}: 'java.lang.Object java.lang.invoke.DirectMethodHandle$Holder.invokeStaticInit(java.lang.Object, java.lang.Object, java.lang.Object, java.lang.Object, java.lang.Object)'> (0x00000007116edce0) thrown at [./src/hotspot/share/interpreter/linkResolver.cpp, line 773]
Event: 1.405 Thread 0x0000022cf41af000 Exception <a 'java/lang/NoSuchMethodError'{0x00000007115dc0f8}: 'java.lang.Object java.lang.invoke.DirectMethodHandle$Holder.invokeSpecial(java.lang.Object, java.lang.Object, int, int, java.lang.Object, java.lang.Object, java.lang.Object)'> (0x00000007115dc0f8) thrown at [./src/hotspot/share/interpreter/linkResolver.cpp, line 773]
Event: 1.405 Thread 0x0000022cf41af000 Exception <a 'java/lang/NoSuchMethodError'{0x0000000711482f48}: 'java.lang.Object java.lang.invoke.DelegatingMethodHandle$Holder.reinvoke_L(java.lang.Object, int, int, java.lang.Object, java.lang.Object, java.lang.Object)'> (0x0000000711482f48) thrown at [./src/hotspot/share/interpreter/linkResolver.cpp, line 773]
Event: 1.405 Thread 0x0000022cf41af000 Exception <a 'java/lang/NoSuchMethodError'{0x0000000711486e28}: 'java.lang.Object java.lang.invoke.DirectMethodHandle$Holder.invokeStatic(java.lang.Object, java.lang.Object, java.lang.Object, java.lang.Object, int)'> (0x0000000711486e28) thrown at [./src/hotspot/share/interpreter/linkResolver.cpp, line 773]
Event: 1.426 Thread 0x0000022cd2b7d800 Exception <a 'java/lang/NoSuchMethodError'{0x000000071109f608}: 'org.slf4j.impl.StaticMDCBinder org.slf4j.impl.StaticMDCBinder.getSingleton()'> (0x000000071109f608) thrown at [./src/hotspot/share/interpreter/linkResolver.cpp, line 773]

Events (20 events):
Event: 1.464 loading class org/springframework/core/type/AnnotationMetadata
Event: 1.464 loading class org/springframework/core/type/AnnotationMetadata done
Event: 1.464 loading class org/springframework/core/type/AnnotationMetadata
Event: 1.464 loading class org/springframework/core/type/AnnotationMetadata done
Event: 1.464 loading class com/fasterxml/jackson/databind/ser/std/NullSerializer
Event: 1.464 loading class com/fasterxml/jackson/databind/ser/std/NullSerializer done
Event: 1.464 loading class com/fasterxml/jackson/databind/ser/SerializerCache
Event: 1.464 loading class com/fasterxml/jackson/databind/ser/SerializerCache done
Event: 1.464 loading class org/springframework/core/annotation/MergedAnnotation
Event: 1.464 loading class org/springframework/core/annotation/MergedAnnotation done
Event: 1.464 loading class com/fasterxml/jackson/databind/deser/DefaultDeserializationContext$Impl
Event: 1.464 loading class com/fasterxml/jackson/databind/deser/DefaultDeserializationContext$Impl done
Event: 1.464 loading class com/fasterxml/jackson/databind/deser/DefaultDeserializationContext
Event: 1.464 loading class com/fasterxml/jackson/databind/deser/DefaultDeserializationContext done
Event: 1.465 loading class com/fasterxml/jackson/databind/DeserializationContext
Event: 1.465 loading class com/fasterxml/jackson/databind/DeserializationContext done
Event: 1.465 loading class java/beans/Introspector
Event: 1.465 loading class java/beans/Introspector done
Event: 1.465 loading class com/sun/beans/WeakCache
Event: 1.466 Executing VM operation: CollectForMetadataAllocation


Dynamic libraries:
0x00007ff654330000 - 0x00007ff65433a000 	D:\IntelliJ IDEA 2021.1.3\jbr\bin\java.exe
0x00007ffb52e30000 - 0x00007ffb53025000 	C:\Windows\SYSTEM32\ntdll.dll
0x00007ffb51f50000 - 0x00007ffb5200d000 	C:\Windows\System32\KERNEL32.DLL
0x00007ffb50790000 - 0x00007ffb50a57000 	C:\Windows\System32\KERNELBASE.dll
0x00007ffb50a60000 - 0x00007ffb50b60000 	C:\Windows\System32\ucrtbase.dll
0x00007ffb26530000 - 0x00007ffb26549000 	D:\IntelliJ IDEA 2021.1.3\jbr\bin\jli.dll
0x00007ffb49fa0000 - 0x00007ffb49fb7000 	D:\IntelliJ IDEA 2021.1.3\jbr\bin\VCRUNTIME140.dll
0x00007ffb50ea0000 - 0x00007ffb51040000 	C:\Windows\System32\USER32.dll
0x00007ffb50d60000 - 0x00007ffb50d82000 	C:\Windows\System32\win32u.dll
0x00007ffb366b0000 - 0x00007ffb3694a000 	C:\Windows\WinSxS\amd64_microsoft.windows.common-controls_6595b64144ccf1df_6.0.19041.1_none_b555e41d4684ddec\COMCTL32.dll
0x00007ffb51240000 - 0x00007ffb5126a000 	C:\Windows\System32\GDI32.dll
0x00007ffb51810000 - 0x00007ffb518ae000 	C:\Windows\System32\msvcrt.dll
0x00007ffb50d90000 - 0x00007ffb50e9a000 	C:\Windows\System32\gdi32full.dll
0x00007ffb50b60000 - 0x00007ffb50bfd000 	C:\Windows\System32\msvcp_win.dll
0x00007ffb512d0000 - 0x00007ffb51300000 	C:\Windows\System32\IMM32.DLL
0x00007ffb03980000 - 0x00007ffb03a1d000 	D:\IntelliJ IDEA 2021.1.3\jbr\bin\msvcp140.dll
0x00007ffad8f70000 - 0x00007ffad9ab9000 	D:\IntelliJ IDEA 2021.1.3\jbr\bin\server\jvm.dll
0x00007ffb51130000 - 0x00007ffb511da000 	C:\Windows\System32\ADVAPI32.dll
0x00007ffb51630000 - 0x00007ffb516cb000 	C:\Windows\System32\sechost.dll
0x00007ffb51a40000 - 0x00007ffb51b63000 	C:\Windows\System32\RPCRT4.dll
0x00007ffb51110000 - 0x00007ffb51118000 	C:\Windows\System32\PSAPI.DLL
0x00007ffb3aa70000 - 0x00007ffb3aa79000 	C:\Windows\SYSTEM32\WSOCK32.dll
0x00007ffb49a60000 - 0x00007ffb49a6a000 	C:\Windows\SYSTEM32\VERSION.dll
0x00007ffb52bc0000 - 0x00007ffb52c2b000 	C:\Windows\System32\WS2_32.dll
0x00007ffb44fc0000 - 0x00007ffb44fe7000 	C:\Windows\SYSTEM32\WINMM.dll
0x00007ffb4eea0000 - 0x00007ffb4eeb3000 	C:\Windows\SYSTEM32\kernel.appcore.dll
0x00007ffb34660000 - 0x00007ffb34671000 	D:\IntelliJ IDEA 2021.1.3\jbr\bin\verify.dll
0x00007ffb4e9c0000 - 0x00007ffb4eba4000 	C:\Windows\SYSTEM32\DBGHELP.DLL
0x00007ffb48440000 - 0x00007ffb4846c000 	C:\Windows\SYSTEM32\dbgcore.DLL
0x00007ffb50c60000 - 0x00007ffb50cdf000 	C:\Windows\System32\bcryptPrimitives.dll
0x00007ffb34630000 - 0x00007ffb34659000 	D:\IntelliJ IDEA 2021.1.3\jbr\bin\java.dll
0x00007ffb49950000 - 0x00007ffb4995b000 	D:\IntelliJ IDEA 2021.1.3\jbr\bin\jimage.dll
0x00007ffb4b5b0000 - 0x00007ffb4b5bf000 	D:\IntelliJ IDEA 2021.1.3\jbr\bin\instrument.dll
0x00007ffb33d40000 - 0x00007ffb33d58000 	D:\IntelliJ IDEA 2021.1.3\jbr\bin\zip.dll
0x00007ffb52010000 - 0x00007ffb52750000 	C:\Windows\System32\SHELL32.dll
0x00007ffb4d8c0000 - 0x00007ffb4e051000 	C:\Windows\SYSTEM32\windows.storage.dll
0x00007ffb51b70000 - 0x00007ffb51ec3000 	C:\Windows\System32\combase.dll
0x00007ffb4ff30000 - 0x00007ffb4ff5c000 	C:\Windows\SYSTEM32\Wldp.dll
0x00007ffb51060000 - 0x00007ffb5110e000 	C:\Windows\System32\SHCORE.dll
0x00007ffb511e0000 - 0x00007ffb51235000 	C:\Windows\System32\shlwapi.dll
0x00007ffb504c0000 - 0x00007ffb504df000 	C:\Windows\SYSTEM32\profapi.dll
0x00007ffb31d80000 - 0x00007ffb31d9a000 	D:\IntelliJ IDEA 2021.1.3\jbr\bin\net.dll
0x00007ffb48180000 - 0x00007ffb48280000 	C:\Windows\SYSTEM32\WINHTTP.dll
0x00007ffb4fd20000 - 0x00007ffb4fd8a000 	C:\Windows\system32\mswsock.dll
0x00007ffb31d60000 - 0x00007ffb31d74000 	D:\IntelliJ IDEA 2021.1.3\jbr\bin\nio.dll
0x00007ffb4b570000 - 0x00007ffb4b58a000 	D:\IntelliJ IDEA 2021.1.3\bin\breakgen64.dll
0x00007ffb4fa20000 - 0x00007ffb4faea000 	C:\Windows\SYSTEM32\DNSAPI.dll
0x00007ffb4f9e0000 - 0x00007ffb4fa1b000 	C:\Windows\SYSTEM32\IPHLPAPI.DLL
0x00007ffb52c30000 - 0x00007ffb52c39000 	C:\Windows\System32\NSI.dll
0x000000005b9a0000 - 0x000000005b9c6000 	C:\Program Files\Bonjour\mdnsNSP.dll
0x00007ffb47c70000 - 0x00007ffb47c7a000 	C:\Windows\System32\rasadhlp.dll
0x00007ffb47a00000 - 0x00007ffb47a7f000 	C:\Windows\System32\fwpuclnt.dll
0x00007ffb50ce0000 - 0x00007ffb50d07000 	C:\Windows\System32\bcrypt.dll
0x00007ffb47da0000 - 0x00007ffb47daa000 	D:\IntelliJ IDEA 2021.1.3\jbr\bin\management.dll
0x00007ffb33da0000 - 0x00007ffb33dad000 	D:\IntelliJ IDEA 2021.1.3\jbr\bin\management_ext.dll
0x00007ffb4ff70000 - 0x00007ffb4ff88000 	C:\Windows\SYSTEM32\CRYPTSP.dll
0x00007ffb4f660000 - 0x00007ffb4f694000 	C:\Windows\system32\rsaenh.dll
0x00007ffb50440000 - 0x00007ffb5046e000 	C:\Windows\SYSTEM32\USERENV.dll
0x00007ffb4fea0000 - 0x00007ffb4feac000 	C:\Windows\SYSTEM32\CRYPTBASE.dll
0x00007ffb49a30000 - 0x00007ffb49a47000 	C:\Windows\SYSTEM32\dhcpcsvc6.DLL
0x00007ffb49a10000 - 0x00007ffb49a2d000 	C:\Windows\SYSTEM32\dhcpcsvc.DLL
0x00007ffb2a780000 - 0x00007ffb2a797000 	C:\Windows\system32\napinsp.dll
0x00007ffb2a660000 - 0x00007ffb2a67b000 	C:\Windows\system32\pnrpnsp.dll
0x00007ffb4ab30000 - 0x00007ffb4ab45000 	C:\Windows\system32\wshbth.dll
0x00007ffb4b440000 - 0x00007ffb4b45d000 	C:\Windows\system32\NLAapi.dll
0x00007ffb2a440000 - 0x00007ffb2a452000 	C:\Windows\System32\winrnr.dll

dbghelp: loaded successfully - version: 4.0.5 - missing functions: none
symbol engine: initialized successfully - sym options: 0x614 - pdb path: .;D:\IntelliJ IDEA 2021.1.3\jbr\bin;C:\Windows\SYSTEM32;C:\Windows\WinSxS\amd64_microsoft.windows.common-controls_6595b64144ccf1df_6.0.19041.1_none_b555e41d4684ddec;D:\IntelliJ IDEA 2021.1.3\jbr\bin\server;D:\IntelliJ IDEA 2021.1.3\bin;C:\Program Files\Bonjour

VM Arguments:
jvm_args: -XX:TieredStopAtLevel=1 -Xverify:none -Dspring.output.ansi.enabled=always -javaagent:D:\IntelliJ IDEA 2021.1.3\lib\idea_rt.jar=53952:D:\IntelliJ IDEA 2021.1.3\bin -Dcom.sun.management.jmxremote -Dspring.jmx.enabled=true -Dspring.liveBeansView.mbeanDomain -Dspring.application.admin.enabled=true -Dfile.encoding=UTF-8 
java_command: com.kingland.neusoft.course.CourseApplication
java_class_path (initial): E:\ksd-neu-training\backend\build\classes\java\main;E:\ksd-neu-training\backend\build\resources\main;C:\Users\asus\.gradle\caches\modules-2\files-2.1\org.springframework.boot\spring-boot-starter-web\2.6.7\d877d6b14397f0c4b3a1611149a37eaf47f32195\spring-boot-starter-web-2.6.7.jar;C:\Users\asus\.gradle\caches\modules-2\files-2.1\org.springframework.boot\spring-boot-starter-data-jdbc\2.6.7\52fd032fde32feae89e2bcd6846207ca71f9a43c\spring-boot-starter-data-jdbc-2.6.7.jar;C:\Users\asus\.gradle\caches\modules-2\files-2.1\com.github.pagehelper\pagehelper-spring-boot-starter\1.4.2\e608a5716a9f9b8dcf558e459a5ab8432ddc2fd6\pagehelper-spring-boot-starter-1.4.2.jar;C:\Users\asus\.gradle\caches\modules-2\files-2.1\org.mybatis.spring.boot\mybatis-spring-boot-starter\2.2.2\e4aff8ef9e02358f90b361acc938be3558f29285\mybatis-spring-boot-starter-2.2.2.jar;C:\Users\asus\.gradle\caches\modules-2\files-2.1\org.springframework.boot\spring-boot-starter-security\2.6.7\6a37eec49a7098f87cea63ec9fbc6c5a654ac622\spring-boot-starter-security-2.6.7.jar;C:\Users\asus\.gradle\caches\modules-2\files-2.1\org.springframework.security.oauth\spring-security-oauth2\2.5.2.RELEASE\20f03b672026306009fba933b6172470a69e8e45\spring-security-oauth2-2.5.2.RELEASE.jar;C:\Users\asus\.gradle\caches\modules-2\files-2.1\org.flywaydb\flyway-core\8.5.9\bce3e6f849e00294a4a6098285fb8626c635fa99\flyway-core-8.5.9.jar;C:\Users\asus\.gradle\caches\modules-2\files-2.1\javax.xml.bind\jaxb-api\2.4.0-b180830.0359\b54184b7dcab2031add3f525550c7f1b7e12209d\jaxb-api-2.4.0-b180830.0359.jar;C:\Users\asus\.gradle\caches\modules-2\files-2.1\com.sun.xml.bind\jaxb-impl\3.0.2\1e1fcb296e4b51252dde6f63dd7ce833abe8573\jaxb-impl-3.0.2.jar;C:\Users\asus\.gradle\caches\modules-2\files-2.1\com.sun.xml.bind\jaxb-core\3.0.2\e64ef996775103ab051b2ae85d13eb48a48054c2\jaxb-core-3.0.2.jar;C:\Users\asus\.gradle\caches\modules-2\files-2.1\javax.activation\activation\1.1.1\485de3a253e23f645037828c07f1d7f1af40763a\activation-1.1.
Launcher Type: SUN_STANDARD

[Global flags]
     bool BytecodeVerificationLocal                = false                                     {product} {command line}
     bool BytecodeVerificationRemote               = false                                     {product} {command line}
     intx CICompilerCount                          = 4                                         {product} {ergonomic}
     uint ConcGCThreads                            = 3                                         {product} {ergonomic}
     uint G1ConcRefinementThreads                  = 10                                        {product} {ergonomic}
   size_t G1HeapRegionSize                         = 1048576                                   {product} {ergonomic}
    uintx GCDrainStackTargetSize                   = 64                                        {product} {ergonomic}
   size_t InitialHeapSize                          = 266338304                                 {product} {ergonomic}
     bool ManagementServer                         = true                                      {product} {command line}
   size_t MarkStackSize                            = 4194304                                   {product} {ergonomic}
   size_t MaxHeapSize                              = 4257218560                                {product} {ergonomic}
   size_t MaxNewSize                               = 2554331136                                {product} {ergonomic}
   size_t MinHeapDeltaBytes                        = 1048576                                   {product} {ergonomic}
    uintx NonNMethodCodeHeapSize                   = 7549744                                {pd product} {ergonomic}
    uintx NonProfiledCodeHeapSize                  = 244108496                              {pd product} {ergonomic}
    uintx ProfiledCodeHeapSize                     = 0                                      {pd product} {ergonomic}
    uintx ReservedCodeCacheSize                    = 251658240                              {pd product} {ergonomic}
     bool SegmentedCodeCache                       = true                                      {product} {ergonomic}
     intx TieredStopAtLevel                        = 1                                         {product} {command line}
     bool UseCompressedClassPointers               = true                                 {lp64_product} {ergonomic}
     bool UseCompressedOops                        = true                                 {lp64_product} {ergonomic}
     bool UseG1GC                                  = true                                      {product} {ergonomic}
     bool UseLargePagesIndividualAllocation        = false                                  {pd product} {ergonomic}

Logging:
Log output configuration:
 #0: stdout all=warning uptime,level,tags
 #1: stderr all=off uptime,level,tags

Environment Variables:
JAVA_HOME=C:\Program Files\Java\jdk1.8.0_241
CLASSPATH=.;C:\Program Files\Java\jdk1.8.0_241\lib\dt.jar;C:\Program Files\Java\jdk1.8.0_241\lib\tools.jar;D:\apache-tomcat-9.0.31\lib\servlet-api.jar
PATH=C:\Program Files (x86)\Common Files\Oracle\Java\javapath;C:\Windows\system32;C:\Windows;C:\Windows\System32\Wbem;C:\Windows\System32\WindowsPowerShell\v1.0\;C:\Windows\System32\OpenSSH\;C:\Program Files (x86)\NVIDIA Corporation\PhysX\Common;C:\Program Files\NVIDIA Corporation\NVIDIA NvDLISR;"C:\Program Files\Java\jdk1.8.0_241\bin;";C:\Program Files\MySQL\MySQL Server 8.0\bin;D:\apache-tomcat-9.0.31\bin;";C:\Windows\system32;C:\Windows;C:\Windows\System32\Wbem;C:\Windows\SysWOW64";C:\Program Files\Intel\WiFi\bin\;C:\Program Files\Common Files\Intel\WirelessCommon\;%M2_HOME%\bin;C:\Program Files\Git\cmd;C:\Program Files\nodejs\;D:\adt-bundle-windows-x86_64-20140321\adt-bundle-windows-x86_64-20140321\sdk\tools;D:\adt-bundle-windows-x86_64-20140321\adt-bundle-windows-x86_64-20140321\sdk\build-tools\android-4.4.2;D:\adt-bundle-windows-x86_64-20140321\adt-bundle-windows-x86_64-20140321\sdk\platform-tools;D:\微信开发\微信web开发者工具\dll;C:\Program Files\Docker\Docker\resources\bin;C:\ProgramData\DockerDesktop\version-bin;D:\groovy-4.0.2\bin;C:\Program Files\MySQL\MySQL Shell 8.0\bin\;%USERPROFILE%\AppData\Local\Microsoft\WindowsApps;C:\Users\asus\AppData\Local\GitHubDesktop\bin;C:\Users\asus\AppData\Local\Programs\Microsoft VS Code\bin;C:\Users\asus\AppData\Roaming\npm;C:\Users\asus\AppData\Roaming\Tencent\QQGameTempest\Hall.57734\
USERNAME=asus
OS=Windows_NT
PROCESSOR_IDENTIFIER=Intel64 Family 6 Model 158 Stepping 10, GenuineIntel



---------------  S Y S T E M  ---------------

OS: Windows 10 , 64 bit Build 19041 (10.0.19041.292)
OS uptime: 0 days 0:21 hours
Hyper-V role detected

CPU:total 12 (initial active 12) (6 cores per cpu, 2 threads per core) family 6 model 158 stepping 10 microcode 0xb4, cmov, cx8, fxsr, mmx, sse, sse2, sse3, ssse3, sse4.1, sse4.2, popcnt, avx, avx2, aes, clmul, erms, 3dnowpref, lzcnt, ht, tsc, tscinvbit, bmi1, bmi2, adx, fma

Memory: 4k page, system-wide physical 16233M (3743M free)
TotalPageFile size 16233M (AvailPageFile size 5M)
current process WorkingSet (physical memory assigned to process): 109M, peak: 109M
current process commit charge ("private bytes"): 368M, peak: 369M

vm_info: OpenJDK 64-Bit Server VM (11.0.11+9-b1341.60) for windows-amd64 JRE (11.0.11+9-b1341.60), built on Jun  4 2021 08:17:54 by "" with MS VC++ 14.0 (VS2015)

END.
